This is pdfTeX, Version 3.1415926-2.5-1.40.14 (TeX Live 2013) (format=pdflatex 2013.9.20)  9 NOV 2013 14:13
entering extended mode
 restricted \write18 enabled.
 file:line:error style messages enabled.
 %&-line parsing enabled.
**openGL‰Ωú‰∏öÊä•Âëä_C1.tex
(./openGL‰Ωú‰∏öÊä•Âëä_C1.tex
LaTeX2e <2011/06/27>
Babel <3.9f> and hyphenation patterns for 78 languages loaded.
(/usr/local/texlive/2013/texmf-dist/tex/latex/base/article.cls
Document Class: article 2007/10/19 v1.4h Standard LaTeX document class
(/usr/local/texlive/2013/texmf-dist/tex/latex/base/size12.clo
File: size12.clo 2007/10/19 v1.4h Standard LaTeX file (size option)
)
\c@part=\count79
\c@section=\count80
\c@subsection=\count81
\c@subsubsection=\count82
\c@paragraph=\count83
\c@subparagraph=\count84
\c@figure=\count85
\c@table=\count86
\abovecaptionskip=\skip41
\belowcaptionskip=\skip42
\bibindent=\dimen102
) (/usr/local/texlive/2013/texmf-dist/tex/latex/setspace/setspace.sty
Package: setspace 2011/12/19 v6.7a set line spacing
) (/usr/local/texlive/2013/texmf-dist/tex/latex/graphics/graphicx.sty
Package: graphicx 1999/02/16 v1.0f Enhanced LaTeX Graphics (DPC,SPQR)
 (/usr/local/texlive/2013/texmf-dist/tex/latex/graphics/keyval.sty
Package: keyval 1999/03/16 v1.13 key=value parser (DPC)
\KV@toks@=\toks14
) (/usr/local/texlive/2013/texmf-dist/tex/latex/graphics/graphics.sty
Package: graphics 2009/02/05 v1.0o Standard LaTeX Graphics (DPC,SPQR)
 (/usr/local/texlive/2013/texmf-dist/tex/latex/graphics/trig.sty
Package: trig 1999/03/16 v1.09 sin cos tan (DPC)
) (/usr/local/texlive/2013/texmf-dist/tex/latex/latexconfig/graphics.cfg
File: graphics.cfg 2010/04/23 v1.9 graphics configuration of TeX Live
)
Package graphics Info: Driver file: pdftex.def on input line 91.
 (/usr/local/texlive/2013/texmf-dist/tex/latex/pdftex-def/pdftex.def
File: pdftex.def 2011/05/27 v0.06d Graphics/color for pdfTeX
 (/usr/local/texlive/2013/texmf-dist/tex/generic/oberdiek/infwarerr.sty
Package: infwarerr 2010/04/08 v1.3 Providing info/warning/error messages (HO)
) (/usr/local/texlive/2013/texmf-dist/tex/generic/oberdiek/ltxcmds.sty
Package: ltxcmds 2011/11/09 v1.22 LaTeX kernel commands for general use (HO)
)
\Gread@gobject=\count87
))
\Gin@req@height=\dimen103
\Gin@req@width=\dimen104
) (/usr/local/texlive/2013/texmf-dist/tex/latex/geometry/geometry.sty
Package: geometry 2010/09/12 v5.6 Page Geometry
 (/usr/local/texlive/2013/texmf-dist/tex/generic/oberdiek/ifpdf.sty
Package: ifpdf 2011/01/30 v2.3 Provides the ifpdf switch (HO)
Package ifpdf Info: pdfTeX in PDF mode is detected.
) (/usr/local/texlive/2013/texmf-dist/tex/generic/oberdiek/ifvtex.sty
Package: ifvtex 2010/03/01 v1.5 Detect VTeX and its facilities (HO)
Package ifvtex Info: VTeX not detected.
) (/usr/local/texlive/2013/texmf-dist/tex/generic/ifxetex/ifxetex.sty
Package: ifxetex 2010/09/12 v0.6 Provides ifxetex conditional
)
\Gm@cnth=\count88
\Gm@cntv=\count89
\c@Gm@tempcnt=\count90
\Gm@bindingoffset=\dimen105
\Gm@wd@mp=\dimen106
\Gm@odd@mp=\dimen107
\Gm@even@mp=\dimen108
\Gm@layoutwidth=\dimen109
\Gm@layoutheight=\dimen110
\Gm@layouthoffset=\dimen111
\Gm@layoutvoffset=\dimen112
\Gm@dimlist=\toks15
) (/usr/local/texlive/2013/texmf-dist/tex/latex/fancyhdr/fancyhdr.sty
\fancy@headwidth=\skip43
\f@ncyO@elh=\skip44
\f@ncyO@erh=\skip45
\f@ncyO@olh=\skip46
\f@ncyO@orh=\skip47
\f@ncyO@elf=\skip48
\f@ncyO@erf=\skip49
\f@ncyO@olf=\skip50
\f@ncyO@orf=\skip51
) (/usr/local/texlive/2013/texmf-dist/tex/latex/listings/listings.sty
\lst@mode=\count91
\lst@gtempboxa=\box26
\lst@token=\toks16
\lst@length=\count92
\lst@currlwidth=\dimen113
\lst@column=\count93
\lst@pos=\count94
\lst@lostspace=\dimen114
\lst@width=\dimen115
\lst@newlines=\count95
\lst@lineno=\count96
\lst@maxwidth=\dimen116
 (/usr/local/texlive/2013/texmf-dist/tex/latex/listings/lstmisc.sty
File: lstmisc.sty 2007/02/22 1.4 (Carsten Heinz)
\c@lstnumber=\count97
\lst@skipnumbers=\count98
\lst@framebox=\box27
) (/usr/local/texlive/2013/texmf-dist/tex/latex/listings/listings.cfg
File: listings.cfg 2007/02/22 1.4 listings configuration
))
Package: listings 2007/02/22 1.4 (Carsten Heinz)
 (/usr/local/texlive/2013/texmf-dist/tex/latex/graphics/color.sty
Package: color 2005/11/14 v1.0j Standard LaTeX Color (DPC)
 (/usr/local/texlive/2013/texmf-dist/tex/latex/latexconfig/color.cfg
File: color.cfg 2007/01/18 v1.5 color configuration of teTeX/TeXLive
)
Package color Info: Driver file: pdftex.def on input line 130.
)
Package color Info: Redefining color black on input line 11.
 (/usr/local/texlive/2013/texmf-dist/tex/xelatex/xecjk/xeCJK.sty (/usr/local/texlive/2013/texmf-dist/tex/latex/l3kernel/expl3.sty (/usr/local/texlive/2013/texmf-dist/tex/latex/l3kernel/l3names.sty (/usr/local/texlive/2013/texmf-dist/tex/latex/l3kernel/l3bootstrap.sty
Package: l3bootstrap 2013/01/08 v4420 L3 Experimental bootstrap code
)
Package: l3names 2012/12/07 v4346 L3 Namespace for primitives
) (/usr/local/texlive/2013/texmf-dist/tex/latex/etex-pkg/etex.sty
Package: etex 1998/03/26 v2.0 eTeX basic definition package (PEB)
\et@xins=\count99
)
Package: expl3 2013/03/14 v4469 L3 Experimental code bundle wrapper
 (/usr/local/texlive/2013/texmf-dist/tex/latex/l3kernel/l3basics.sty
Package: l3basics 2013/01/10 v4428 L3 Basic definitions
) (/usr/local/texlive/2013/texmf-dist/tex/latex/l3kernel/l3expan.sty
Package: l3expan 2013/02/03 v4458 L3 Argument expansion
) (/usr/local/texlive/2013/texmf-dist/tex/latex/l3kernel/l3tl.sty
Package: l3tl 2013/01/08 v4415 L3 Token lists
) (/usr/local/texlive/2013/texmf-dist/tex/latex/l3kernel/l3seq.sty
Package: l3seq 2013/01/12 v4434 L3 Sequences and stacks
) (/usr/local/texlive/2013/texmf-dist/tex/latex/l3kernel/l3int.sty
Package: l3int 2013/01/13 v4444 L3 Integers
\c_max_int=\count100
\l_tmpa_int=\count101
\l_tmpb_int=\count102
\g_tmpa_int=\count103
\g_tmpb_int=\count104
)
(/usr/local/texlive/2013/texmf-dist/tex/latex/l3kernel/l3quark.sty
Package: l3quark 2012/11/04 v4268 L3 Quarks
) (/usr/local/texlive/2013/texmf-dist/tex/latex/l3kernel/l3prg.sty
Package: l3prg 2013/02/13 v4459 L3 Control structures
\g__prg_map_int=\count105
) (/usr/local/texlive/2013/texmf-dist/tex/latex/l3kernel/l3clist.sty
Package: l3clist 2013/01/08 v4414 L3 Comma separated lists
) (/usr/local/texlive/2013/texmf-dist/tex/latex/l3kernel/l3token.sty
Package: l3token 2013/01/10 v4428 L3 Experimental token manipulation
) (/usr/local/texlive/2013/texmf-dist/tex/latex/l3kernel/l3prop.sty
Package: l3prop 2013/01/09 v4423 L3 Property lists
) (/usr/local/texlive/2013/texmf-dist/tex/latex/l3kernel/l3msg.sty
Package: l3msg 2013/01/08 v4412 L3 Messages
) (/usr/local/texlive/2013/texmf-dist/tex/latex/l3kernel/l3file.sty
Package: l3file 2013/01/14 v4446 L3 File and I/O operations
\l_iow_line_count_int=\count106
\l__iow_target_count_int=\count107
\l__iow_current_line_int=\count108
\l__iow_current_word_int=\count109
\l__iow_current_indentation_int=\count110
) (/usr/local/texlive/2013/texmf-dist/tex/latex/l3kernel/l3skip.sty
Package: l3skip 2013/01/13 v4444 L3 Dimensions and skips
\c_zero_dim=\dimen117
\c_max_dim=\dimen118
\l_tmpa_dim=\dimen119
\l_tmpb_dim=\dimen120
\g_tmpa_dim=\dimen121
\g_tmpb_dim=\dimen122
\c_zero_skip=\skip52
\c_max_skip=\skip53
\l_tmpa_skip=\skip54
\l_tmpb_skip=\skip55
\g_tmpa_skip=\skip56
\g_tmpb_skip=\skip57
\c_zero_muskip=\muskip10
\c_max_muskip=\muskip11
\l_tmpa_muskip=\muskip12
\l_tmpb_muskip=\muskip13
\g_tmpa_muskip=\muskip14
\g_tmpb_muskip=\muskip15
) (/usr/local/texlive/2013/texmf-dist/tex/latex/l3kernel/l3keys.sty
Package: l3keys 2013/02/24 v4461 L3 Experimental key-value interfaces
\g__keyval_level_int=\count111
\l_keys_choice_int=\count112
) (/usr/local/texlive/2013/texmf-dist/tex/latex/l3kernel/l3fp.sty
Package: l3fp 2013/01/19 v4449 L3 Floating points
\c__fp_leading_shift_int=\count113
\c__fp_middle_shift_int=\count114
\c__fp_trailing_shift_int=\count115
\c__fp_big_leading_shift_int=\count116
\c__fp_big_middle_shift_int=\count117
\c__fp_big_trailing_shift_int=\count118
\c__fp_Bigg_leading_shift_int=\count119
\c__fp_Bigg_middle_shift_int=\count120
\c__fp_Bigg_trailing_shift_int=\count121
) (/usr/local/texlive/2013/texmf-dist/tex/latex/l3kernel/l3box.sty
Package: l3box 2013/01/08 v4411 L3 Experimental boxes
\c_empty_box=\box28
\l_tmpa_box=\box29
\l_tmpb_box=\box30
\g_tmpa_box=\box31
\g_tmpb_box=\box32
) (/usr/local/texlive/2013/texmf-dist/tex/latex/l3kernel/l3coffins.sty
Package: l3coffins 2012/09/09 v4212 L3 Coffin code layer
\l__coffin_internal_box=\box33
\l__coffin_internal_dim=\dimen123
\l__coffin_offset_x_dim=\dimen124
\l__coffin_offset_y_dim=\dimen125
\l__coffin_x_dim=\dimen126
\l__coffin_y_dim=\dimen127
\l__coffin_x_prime_dim=\dimen128
\l__coffin_y_prime_dim=\dimen129
\c_empty_coffin=\box34
\l__coffin_aligned_coffin=\box35
\l__coffin_aligned_internal_coffin=\box36
\l_tmpa_coffin=\box37
\l_tmpb_coffin=\box38
\l__coffin_display_coffin=\box39
\l__coffin_display_coord_coffin=\box40
\l__coffin_display_pole_coffin=\box41
\l__coffin_display_offset_dim=\dimen130
\l__coffin_display_x_dim=\dimen131
\l__coffin_display_y_dim=\dimen132
) (/usr/local/texlive/2013/texmf-dist/tex/latex/l3kernel/l3color.sty
Package: l3color 2012/08/29 v4156 L3 Experimental color support
) (/usr/local/texlive/2013/texmf-dist/tex/latex/l3kernel/l3luatex.sty
Package: l3luatex 2012/08/03 v4049 L3 Experimental LuaTeX-specific functions
\g__cctab_allocate_int=\count122
\g__cctab_stack_int=\count123
) (/usr/local/texlive/2013/texmf-dist/tex/latex/l3kernel/l3candidates.sty
Package: l3candidates 2013/03/14 v4468 L3 Experimental additions to l3kernel
\l__box_top_dim=\dimen133
\l__box_bottom_dim=\dimen134
\l__box_left_dim=\dimen135
\l__box_right_dim=\dimen136
\l__box_top_new_dim=\dimen137
\l__box_bottom_new_dim=\dimen138
\l__box_left_new_dim=\dimen139
\l__box_right_new_dim=\dimen140
\l__box_internal_box=\box42
\l__coffin_bounding_shift_dim=\dimen141
\l__coffin_left_corner_dim=\dimen142
\l__coffin_right_corner_dim=\dimen143
\l__coffin_bottom_corner_dim=\dimen144
\l__coffin_top_corner_dim=\dimen145
\l__coffin_scaled_total_height_dim=\dimen146
\l__coffin_scaled_width_dim=\dimen147
))
Package: xeCJK 2013/05/29 v3.2.1 Typesetting CJK scripts with XeLaTeX


!!!!!!!!!!!!!!!!!!!!!!!!!!!!!!!!!!!!!!!!!!!!!!!!
!
/usr/local/texlive/2013/texmf-dist/tex/xelatex/xecjk/xeCJK.sty:48: Critical xeCJK error: "Require-XeTeX"
! 
! The xeCJK package requires XeTeX to function.
! 
! You must change your typesetting engine to "xelatex"
! instead of plain "latex" or "pdflatex" or "lualatex".
! Loading xeCJK will abort!
! 
! See the xeCJK documentation for further information.
! 
! For immediate help type H <return>.
!...............................................  
                                                  
l.48 ..._critical:nn { xeCJK } { Require-XeTeX } }
                                                  
|'''''''''''''''''''''''''''''''''''''''''''''''
| Reading the current file will stop
|...............................................

)
./openGL‰Ωú‰∏öÊä•Âëä_C1.tex:26: Undefined control sequence.
<recently read> \setCJKmainfont 
                                
l.26 \setCJKmainfont
                    {SimSun}
The control sequence at the end of the top line
of your error message was never \def'ed. If you have
misspelled it (e.g., `\hobx'), type `I' and the correct
spelling (e.g., `I\hbox'). Otherwise just continue,
and I'll forget about whatever was undefined.


./openGL‰Ωú‰∏öÊä•Âëä_C1.tex:26: LaTeX Error: Missing \begin{document}.

See the LaTeX manual or LaTeX Companion for explanation.
Type  H <return>  for immediate help.
 ...                                              
                                                  
l.26 \setCJKmainfont{S
                      imSun}
You're in trouble here.  Try typing  <return>  to proceed.
If that doesn't work, type  X <return>  to quit.

./openGL‰Ωú‰∏öÊä•Âëä_C1.tex:27: Undefined control sequence.
l.27 \XeTeXlinebreaklocale
                           ‚Äúzh‚Äù
The control sequence at the end of the top line
of your error message was never \def'ed. If you have
misspelled it (e.g., `\hobx'), type `I' and the correct
spelling (e.g., `I\hbox'). Otherwise just continue,
and I'll forget about whatever was undefined.

Missing character: There is no ‚ in font cmr12!
Missing character: There is no Ä in font cmr12!
Missing character: There is no ú in font cmr12!
Missing character: There is no ‚ in font cmr12!
Missing character: There is no Ä in font cmr12!
Missing character: There is no ù in font cmr12!
./openGL‰Ωú‰∏öÊä•Âëä_C1.tex:28: Undefined control sequence.
l.28 \XeTeXlinebreakskip
                         = 0pt plus 1pt
The control sequence at the end of the top line
of your error message was never \def'ed. If you have
misspelled it (e.g., `\hobx'), type `I' and the correct
spelling (e.g., `I\hbox'). Otherwise just continue,
and I'll forget about whatever was undefined.

(/Volumes/Macintosh HD/dev/OpenGL/‰Ωú‰∏öÊä•Âëä/C1/.texpadtmp/openGL‰Ωú‰∏öÊä•Âëä_C1.aux

LaTeX Warning: Label `lst:helloworld' multiply defined.


LaTeX Warning: Label `lst:helloworld' multiply defined.


LaTeX Warning: Label `lst:helloworld' multiply defined.

)
\openout1 = `openGL‰Ωú‰∏öÊä•Âëä_C1.aux'.

LaTeX Font Info:    Checking defaults for OML/cmm/m/it on input line 33.
LaTeX Font Info:    ... okay on input line 33.
LaTeX Font Info:    Checking defaults for T1/cmr/m/n on input line 33.
LaTeX Font Info:    ... okay on input line 33.
LaTeX Font Info:    Checking defaults for OT1/cmr/m/n on input line 33.
LaTeX Font Info:    ... okay on input line 33.
LaTeX Font Info:    Checking defaults for OMS/cmsy/m/n on input line 33.
LaTeX Font Info:    ... okay on input line 33.
LaTeX Font Info:    Checking defaults for OMX/cmex/m/n on input line 33.
LaTeX Font Info:    ... okay on input line 33.
LaTeX Font Info:    Checking defaults for U/cmr/m/n on input line 33.
LaTeX Font Info:    ... okay on input line 33.
 (/usr/local/texlive/2013/texmf-dist/tex/context/base/supp-pdf.mkii
[Loading MPS to PDF converter (version 2006.09.02).]
\scratchcounter=\count124
\scratchdimen=\dimen148
\scratchbox=\box43
\nofMPsegments=\count125
\nofMParguments=\count126
\everyMPshowfont=\toks17
\MPscratchCnt=\count127
\MPscratchDim=\dimen149
\MPnumerator=\count128
\makeMPintoPDFobject=\count129
\everyMPtoPDFconversion=\toks18
) (/usr/local/texlive/2013/texmf-dist/tex/generic/oberdiek/pdftexcmds.sty
Package: pdftexcmds 2011/11/29 v0.20 Utility functions of pdfTeX for LuaTeX (HO)
 (/usr/local/texlive/2013/texmf-dist/tex/generic/oberdiek/ifluatex.sty
Package: ifluatex 2010/03/01 v1.3 Provides the ifluatex switch (HO)
Package ifluatex Info: LuaTeX not detected.
)
Package pdftexcmds Info: LuaTeX not detected.
Package pdftexcmds Info: \pdf@primitive is available.
Package pdftexcmds Info: \pdf@ifprimitive is available.
Package pdftexcmds Info: \pdfdraftmode found.
) (/usr/local/texlive/2013/texmf-dist/tex/latex/oberdiek/epstopdf-base.sty
Package: epstopdf-base 2010/02/09 v2.5 Base part for package epstopdf
 (/usr/local/texlive/2013/texmf-dist/tex/latex/oberdiek/grfext.sty
Package: grfext 2010/08/19 v1.1 Manage graphics extensions (HO)
 (/usr/local/texlive/2013/texmf-dist/tex/generic/oberdiek/kvdefinekeys.sty
Package: kvdefinekeys 2011/04/07 v1.3 Define keys (HO)
)) (/usr/local/texlive/2013/texmf-dist/tex/latex/oberdiek/kvoptions.sty
Package: kvoptions 2011/06/30 v3.11 Key value format for package options (HO)
 (/usr/local/texlive/2013/texmf-dist/tex/generic/oberdiek/kvsetkeys.sty
Package: kvsetkeys 2012/04/25 v1.16 Key value parser (HO)
 (/usr/local/texlive/2013/texmf-dist/tex/generic/oberdiek/etexcmds.sty
Package: etexcmds 2011/02/16 v1.5 Avoid name clashes with e-TeX commands (HO)
Package etexcmds Info: Could not find \expanded.
(etexcmds)             That can mean that you are not using pdfTeX 1.50 or
(etexcmds)             that some package has redefined \expanded.
(etexcmds)             In the latter case, load this package earlier.
)))
Package grfext Info: Graphics extension search list:
(grfext)             [.png,.pdf,.jpg,.mps,.jpeg,.jbig2,.jb2,.PNG,.PDF,.JPG,.JPEG,.JBIG2,.JB2,.eps]
(grfext)             \AppendGraphicsExtensions on input line 452.
 (/usr/local/texlive/2013/texmf-dist/tex/latex/latexconfig/epstopdf-sys.cfg
File: epstopdf-sys.cfg 2010/07/13 v1.3 Configuration of (r)epstopdf for TeX Live
))
*geometry* driver: auto-detecting
*geometry* detected driver: pdftex
*geometry* verbose mode - [ preamble ] result:
* driver: pdftex
* paper: custom
* layout: <same size as paper>
* layoutoffset:(h,v)=(0.0pt,0.0pt)
* modes: 
* h-part:(L,W,R)=(71.13188pt, 455.24411pt, 71.13188pt)
* v-part:(T,H,B)=(85.35826pt, 674.33023pt, 85.35826pt)
* \paperwidth=597.50787pt
* \paperheight=845.04675pt
* \textwidth=455.24411pt
* \textheight=674.33023pt
* \oddsidemargin=-1.1381pt
* \evensidemargin=-1.1381pt
* \topmargin=-23.91173pt
* \headheight=12.0pt
* \headsep=25.0pt
* \topskip=12.0pt
* \footskip=30.0pt
* \marginparwidth=44.0pt
* \marginparsep=10.0pt
* \columnsep=10.0pt
* \skip\footins=10.8pt plus 4.0pt minus 2.0pt
* \hoffset=0.0pt
* \voffset=0.0pt
* \mag=1000
* \@twocolumnfalse
* \@twosidefalse
* \@mparswitchfalse
* \@reversemarginfalse
* (1in=72.27pt=25.4mm, 1cm=28.453pt)

\c@lstlisting=\count130

Package Fancyhdr Warning: \headheight is too small (12.0pt): 
 Make it at least 14.49998pt.
 We now make it that large for the rest of the document.
 This may cause the page layout to be inconsistent, however.

[1

{/usr/local/texlive/2013/texmf-var/fonts/map/pdftex/updmap/pdftex.map}]
Missing character: There is no ‰ in font cmr17!
Missing character: There is no Ω in font cmr17!
Missing character: There is no ú in font cmr17!
Missing character: There is no ‰ in font cmr17!
Missing character: There is no ∏ in font cmr17!
Missing character: There is no ö in font cmr17!
Missing character: There is no Ê in font cmr17!
Missing character: There is no ä in font cmr17!
Missing character: There is no • in font cmr17!
Missing character: There is no Â in font cmr17!
Missing character: There is no ë in font cmr17!
Missing character: There is no ä in font cmr17!
Missing character: There is no Á in font cmr17!
Missing character: There is no ± in font cmr17!
Missing character: There is no ª in font cmr17!
Missing character: There is no Á in font cmr17!
Missing character: There is no ¨ in font cmr17!
Missing character: There is no ¨ in font cmr17!
Missing character: There is no È in font cmr17!
Missing character: There is no ¢ in font cmr17!
Missing character: There is no ò in font cmr17!
LaTeX Font Info:    External font `cmex10' loaded for size
(Font)              <14.4> on input line 34.
LaTeX Font Info:    External font `cmex10' loaded for size
(Font)              <7> on input line 34.
Missing character: There is no Â in font cmbx12!
Missing character: There is no Æ in font cmbx12!
Missing character: There is no û in font cmbx12!
Missing character: There is no È in font cmbx12!
Missing character: There is no ™ in font cmbx12!
Missing character: There is no å in font cmbx12!
Missing character: There is no Á in font cmbx12!
Missing character: There is no é in font cmbx12!
Missing character: There is no Ø in font cmbx12!
Missing character: There is no Â in font cmbx12!
Missing character: There is no ¢ in font cmbx12!
Missing character: There is no É in font cmbx12!
Missing character: There is no Ê in font cmr12!
Missing character: There is no ú in font cmr12!
Missing character: There is no ¨ in font cmr12!
Missing character: There is no ‰ in font cmr12!
Missing character: There is no Ω in font cmr12!
Missing character: There is no ú in font cmr12!
Missing character: There is no ‰ in font cmr12!
Missing character: There is no ∏ in font cmr12!
Missing character: There is no ö in font cmr12!
Missing character: There is no Â in font cmr12!
Missing character: There is no ú in font cmr12!
Missing character: There is no ® in font cmr12!
Missing character: There is no Á in font cmr12!
Missing character: There is no ≥ in font cmr12!
Missing character: There is no ª in font cmr12!
Missing character: There is no Á in font cmr12!
Missing character: There is no ª in font cmr12!
Missing character: There is no ü in font cmr12!
Missing character: There is no ‰ in font cmr12!
Missing character: There is no ∏ in font cmr12!
Missing character: There is no ã in font cmr12!
Missing character: There is no Á in font cmr12!
Missing character: There is no î in font cmr12!
Missing character: There is no ® in font cmr12!
Missing character: There is no Â in font cmr12!
Missing character: There is no Æ in font cmr12!
Missing character: There is no å in font cmr12!
Missing character: There is no Ê in font cmr12!
Missing character: There is no à in font cmr12!
Missing character: There is no ê in font cmr12!
Missing character: There is no Ô in font cmr12!
Missing character: There is no º in font cmr12!
Missing character: There is no å in font cmr12!
Missing character: There is no Á in font cmr12!
Missing character: There is no ® in font cmr12!
Missing character: There is no ã in font cmr12!
Missing character: There is no Â in font cmr12!
Missing character: There is no ∫ in font cmr12!
Missing character: There is no è in font cmr12!
Missing character: There is no Ê in font cmr12!
Missing character: There is no ° in font cmr12!
Missing character: There is no Ü in font cmr12!
Missing character: There is no Ê in font cmr12!
Missing character: There is no û in font cmr12!
Missing character: There is no ∂ in font cmr12!
Missing character: There is no Ê in font cmr12!
Missing character: There is no ò in font cmr12!
Missing character: There is no Ø in font cmr12!
Missing character: There is no Â in font cmr12!
Missing character: There is no ë in font cmr12!
Missing character: There is no Ω in font cmr12!
Missing character: There is no ‰ in font cmr12!
Missing character: There is no ª in font cmr12!
Missing character: There is no § in font cmr12!
Missing character: There is no Ë in font cmr12!
Missing character: There is no ° in font cmr12!
Missing character: There is no å in font cmr12!
Missing character: There is no Ô in font cmr12!
Missing character: There is no º in font cmr12!
Missing character: There is no å in font cmr12!
Missing character: There is no Á in font cmr12!
Missing character: There is no î in font cmr12!
Missing character: There is no ® in font cmr12!
Missing character: There is no Â in font cmr12!
Missing character: There is no à in font cmr12!
Missing character: There is no ∞ in font cmr12!
Missing character: There is no ‰ in font cmr12!
Missing character: There is no ∫ in font cmr12!
Missing character: There is no Ü in font cmr12!
Missing character: There is no Á in font cmr12!
Missing character: There is no ≥ in font cmr12!
Missing character: There is no ª in font cmr12!
Missing character: There is no Á in font cmr12!
Missing character: There is no ª in font cmr12!
Missing character: There is no ü in font cmr12!
Missing character: There is no Â in font cmr12!
Missing character: There is no é in font cmr12!
Missing character: There is no ü in font cmr12!
Missing character: There is no Á in font cmr12!
Missing character: There is no î in font cmr12!
Missing character: There is no ü in font cmr12!
Missing character: There is no Ê in font cmr12!
Missing character: There is no î in font cmr12!
Missing character: There is no Ø in font cmr12!
Missing character: There is no Ê in font cmr12!
Missing character: There is no å in font cmr12!
Missing character: There is no Å in font cmr12!
Missing character: There is no Á in font cmr12!
Missing character: There is no ö in font cmr12!
Missing character: There is no Ñ in font cmr12!
Missing character: There is no Â in font cmr12!
Missing character: There is no í in font cmr12!
Missing character: There is no å in font cmr12!
Missing character: There is no Ê in font cmr12!
Missing character: There is no ° in font cmr12!
Missing character: There is no Ü in font cmr12!
Missing character: There is no Ê in font cmr12!
Missing character: There is no û in font cmr12!
Missing character: There is no ∂ in font cmr12!
Missing character: There is no Ô in font cmr12!
Missing character: There is no º in font cmr12!
Missing character: There is no å in font cmr12!
Missing character: There is no Â in font cmr12!
Missing character: There is no ¶ in font cmr12!
Missing character: There is no Ç in font cmr12!
Missing character: There is no Â in font cmr12!
Missing character: There is no õ in font cmr12!
Missing character: There is no æ in font cmr12!
Missing character: There is no Ê in font cmr12!
Missing character: There is no â in font cmr12!
Missing character: There is no Ä in font cmr12!
Missing character: There is no Á in font cmr12!
Missing character: There is no § in font cmr12!
Missing character: There is no ∫ in font cmr12!
Missing character: There is no Ô in font cmr12!
Missing character: There is no º in font cmr12!
Missing character: There is no ö in font cmr12!
 <environment.png, id=7, 257.96375pt x 147.55125pt>
File: environment.png Graphic file (type png)
 <use environment.png>
Package pdftex.def Info: environment.png used on input line 39.
(pdftex.def)             Requested size: 180.67499pt x 103.34595pt.
Missing character: There is no Â in font cmbx12!
Missing character: There is no Æ in font cmbx12!
Missing character: There is no û in font cmbx12!
Missing character: There is no È in font cmbx12!
Missing character: There is no ™ in font cmbx12!
Missing character: There is no å in font cmbx12!
Missing character: There is no Â in font cmbx12!
Missing character: There is no é in font cmbx12!
Missing character: There is no ü in font cmbx12!
Missing character: There is no Á in font cmbx12!
Missing character: There is no ê in font cmbx12!
Missing character: There is no Ü in font cmbx12!
Missing character: There is no Ë in font cmr12!
Missing character: There is no ø in font cmr12!
Missing character: There is no ô in font cmr12!
Missing character: There is no ‰ in font cmr12!
Missing character: There is no ∏ in font cmr12!
Missing character: There is no ™ in font cmr12!
Missing character: There is no Â in font cmr12!
Missing character: There is no Æ in font cmr12!
Missing character: There is no û in font cmr12!
Missing character: There is no È in font cmr12!
Missing character: There is no ™ in font cmr12!
Missing character: There is no å in font cmr12!
Missing character: There is no Ê in font cmr12!
Missing character: There is no ∂ in font cmr12!
Missing character: There is no â in font cmr12!
Missing character: There is no Â in font cmr12!
Missing character: There is no è in font cmr12!
Missing character: There is no ä in font cmr12!
Missing character: There is no Â in font cmr12!
Missing character: There is no à in font cmr12!
Missing character: There is no ∞ in font cmr12!
Missing character: There is no Á in font cmr12!
Missing character: There is no ö in font cmr12!
Missing character: There is no Ñ in font cmr12!
Missing character: There is no Â in font cmr12!
Missing character: There is no é in font cmr12!
Missing character: There is no ü in font cmr12!
Missing character: There is no Á in font cmr12!
Missing character: There is no ê in font cmr12!
Missing character: There is no Ü in font cmr12!
Missing character: There is no Ê in font cmr12!
Missing character: There is no ú in font cmr12!
Missing character: There is no â in font cmr12!
Missing character: There is no Á in font cmr12!
Missing character: There is no ö in font cmr12!
Missing character: There is no Ñ in font cmr12!
Missing character: There is no Â in font cmr12!
Missing character: There is no ü in font cmr12!
Missing character: There is no ∫ in font cmr12!
Missing character: There is no Ê in font cmr12!
Missing character: There is no ú in font cmr12!
Missing character: There is no ¨ in font cmr12!
Missing character: There is no Â in font cmr12!
Missing character: There is no õ in font cmr12!
Missing character: There is no æ in font cmr12!
Missing character: There is no Â in font cmr12!
Missing character: There is no Ω in font cmr12!
Missing character: There is no ¢ in font cmr12!
Missing character: There is no Á in font cmr12!
Missing character: There is no ª in font cmr12!
Missing character: There is no ò in font cmr12!
Missing character: There is no Â in font cmr12!
Missing character: There is no à in font cmr12!
Missing character: There is no ∂ in font cmr12!
Missing character: There is no Ô in font cmr12!
Missing character: There is no º in font cmr12!
Missing character: There is no å in font cmr12!
Missing character: There is no Ê in font cmr12!
Missing character: There is no ò in font cmr12!
Missing character: There is no æ in font cmr12!
Missing character: There is no Á in font cmr12!
Missing character: There is no § in font cmr12!
Missing character: There is no ∫ in font cmr12!
Missing character: There is no Â in font cmr12!
Missing character: There is no á in font cmr12!
Missing character: There is no Ω in font cmr12!
Missing character: There is no Ê in font cmr12!
Missing character: There is no ï in font cmr12!
Missing character: There is no ∞ in font cmr12!
Missing character: There is no Ô in font cmr12!
Missing character: There is no º in font cmr12!
Missing character: There is no å in font cmr12!
Missing character: There is no Á in font cmr12!
Missing character: There is no © in font cmr12!
Missing character: There is no ∫ in font cmr12!
Missing character: There is no È in font cmr12!
Missing character: There is no ó in font cmr12!
Missing character: There is no ≤ in font cmr12!
Missing character: There is no Â in font cmr12!
Missing character: There is no á in font cmr12!
Missing character: There is no Ω in font cmr12!
Missing character: There is no Ê in font cmr12!
Missing character: There is no ï in font cmr12!
Missing character: There is no ∞ in font cmr12!
Missing character: There is no Ô in font cmr12!
Missing character: There is no º in font cmr12!
Missing character: There is no å in font cmr12!
Missing character: There is no Â in font cmr12!
Missing character: There is no è in font cmr12!
Missing character: There is no å in font cmr12!
Missing character: There is no Á in font cmr12!
Missing character: There is no º in font cmr12!
Missing character: There is no ì in font cmr12!
Missing character: There is no Â in font cmr12!
Missing character: There is no Ü in font cmr12!
Missing character: There is no ≤ in font cmr12!
Missing character: There is no Á in font cmr12!
Missing character: There is no ö in font cmr12!
Missing character: There is no Ñ in font cmr12!
Missing character: There is no Ê in font cmr12!
Missing character: There is no ¶ in font cmr12!
Missing character: There is no Ç in font cmr12!
Missing character: There is no Â in font cmr12!
Missing character: There is no ø in font cmr12!
Missing character: There is no µ in font cmr12!
Missing character: There is no Ô in font cmr12!
Missing character: There is no º in font cmr12!
Missing character: There is no å in font cmr12!
Missing character: There is no Â in font cmr12!
Missing character: There is no è in font cmr12!
Missing character: There is no ò in font cmr12!
Missing character: There is no Ê in font cmr12!
Missing character: There is no ç in font cmr12!
Missing character: There is no ¢ in font cmr12!
Missing character: There is no „ in font cmr12!
Missing character: There is no Ä in font cmr12!
Missing character: There is no Ç in font cmr12!
Missing character: There is no Ê in font cmr12!
Missing character: There is no ú in font cmr12!
Missing character: There is no â in font cmr12!
Missing character: There is no ‰ in font cmr12!
Missing character: There is no ∏ in font cmr12!
Missing character: There is no Ä in font cmr12!
Missing character: There is no ‰ in font cmr12!
Missing character: There is no ∏ in font cmr12!
Missing character: There is no ™ in font cmr12!
Missing character: There is no Ë in font cmr12!
Missing character: There is no ß in font cmr12!
Missing character: There is no í in font cmr12!
Missing character: There is no Â in font cmr12!
Missing character: There is no ∫ in font cmr12!
Missing character: There is no ¶ in font cmr12!
Missing character: There is no È in font cmr12!
Missing character: There is no á in font cmr12!
Missing character: There is no è in font cmr12!
Missing character: There is no ‰ in font cmr12!
Missing character: There is no ∏ in font cmr12!
Missing character: There is no ç in font cmr12!
Missing character: There is no Ê in font cmr12!
Missing character: There is no ñ in font cmr12!
Missing character: There is no ≠ in font cmr12!
Missing character: There is no Ê in font cmr12!
Missing character: There is no õ in font cmr12!
Missing character: There is no ¥ in font cmr12!
Missing character: There is no Ê in font cmr12!
Missing character: There is no ñ in font cmr12!
Missing character: There is no ∞ in font cmr12!
Missing character: There is no Ô in font cmr12!
Missing character: There is no º in font cmr12!
Missing character: There is no å in font cmr12!
Missing character: There is no Á in font cmr12!
Missing character: There is no Ñ in font cmr12!
Missing character: There is no ∂ in font cmr12!
Missing character: There is no Â in font cmr12!
Missing character: There is no ê in font cmr12!
Missing character: There is no é in font cmr12!
Missing character: There is no Ê in font cmr12!
Missing character: There is no à in font cmr12!
Missing character: There is no ë in font cmr12!
Missing character: There is no ‰ in font cmr12!
Missing character: There is no ª in font cmr12!
Missing character: There is no ¨ in font cmr12!
Missing character: There is no Ê in font cmr12!
Missing character: There is no † in font cmr12!
Missing character: There is no π in font cmr12!
Missing character: There is no Ê in font cmr12!
Missing character: There is no ç in font cmr12!
Missing character: There is no Æ in font cmr12!
Missing character: There is no Ë in font cmr12!
Missing character: There is no ß in font cmr12!
Missing character: There is no í in font cmr12!
Missing character: There is no Â in font cmr12!
Missing character: There is no ∫ in font cmr12!
Missing character: There is no ¶ in font cmr12!
Missing character: There is no Â in font cmr12!
Missing character: There is no í in font cmr12!
Missing character: There is no å in font cmr12!
Missing character: There is no Â in font cmr12!
Missing character: There is no π in font cmr12!
Missing character: There is no ≥ in font cmr12!
Missing character: There is no Á in font cmr12!
Missing character: There is no ß in font cmr12!
Missing character: There is no ª in font cmr12!
Missing character: There is no Ê in font cmr12!
Missing character: There is no ñ in font cmr12!
Missing character: There is no π in font cmr12!
Missing character: There is no Â in font cmr12!
Missing character: There is no ê in font cmr12!
Missing character: There is no ë in font cmr12!
Missing character: There is no ‰ in font cmr12!
Missing character: There is no ∏ in font cmr12!
Missing character: There is no ç in font cmr12!
Missing character: There is no Ê in font cmr12!
Missing character: There is no ñ in font cmr12!
Missing character: There is no ≠ in font cmr12!
Missing character: There is no Â in font cmr12!
Missing character: There is no ú in font cmr12!
Missing character: There is no ® in font cmr12!
Missing character: There is no Á in font cmr12!
Missing character: There is no º in font cmr12!
Missing character: There is no ì in font cmr12!
Missing character: There is no Â in font cmr12!
Missing character: There is no Ü in font cmr12!
Missing character: There is no ≤ in font cmr12!
Missing character: There is no Â in font cmr12!
Missing character: There is no å in font cmr12!
Missing character: There is no ∫ in font cmr12!
Missing character: There is no ‰ in font cmr12!
Missing character: There is no ∏ in font cmr12!
Missing character: There is no ≠ in font cmr12!
Missing character: There is no Á in font cmr12!
Missing character: There is no î in font cmr12!
Missing character: There is no ª in font cmr12!
Missing character: There is no Â in font cmr12!
Missing character: There is no á in font cmr12!
Missing character: There is no ∫ in font cmr12!
Missing character: There is no Ë in font cmr12!
Missing character: There is no ø in font cmr12!
Missing character: There is no ô in font cmr12!
Missing character: There is no ‰ in font cmr12!
Missing character: There is no ∏ in font cmr12!
Missing character: There is no ™ in font cmr12!
Missing character: There is no Â in font cmr12!
Missing character: There is no õ in font cmr12!
Missing character: There is no æ in font cmr12!
Missing character: There is no Ê in font cmr12!
Missing character: There is no ° in font cmr12!
Missing character: There is no à in font cmr12!
Missing character: There is no Ô in font cmr12!
Missing character: There is no º in font cmr12!
Missing character: There is no å in font cmr12!
Missing character: There is no Â in font cmr12!
Missing character: There is no Ü in font cmr12!
Missing character: There is no ç in font cmr12!
Missing character: There is no ‰ in font cmr12!
Missing character: There is no ∫ in font cmr12!
Missing character: There is no § in font cmr12!
Missing character: There is no Ê in font cmr12!
Missing character: There is no ç in font cmr12!
Missing character: There is no ¢ in font cmr12!
Missing character: There is no Á in font cmr12!
Missing character: There is no º in font cmr12!
Missing character: There is no ì in font cmr12!
Missing character: There is no Â in font cmr12!
Missing character: There is no Ü in font cmr12!
Missing character: There is no ≤ in font cmr12!
Missing character: There is no Â in font cmr12!
Missing character: There is no å in font cmr12!
Missing character: There is no ∫ in font cmr12!
Missing character: There is no „ in font cmr12!
Missing character: There is no Ä in font cmr12!
Missing character: There is no Ç in font cmr12!
Missing character: There is no Â in font cmbx12!
Missing character: There is no Æ in font cmbx12!
Missing character: There is no û in font cmbx12!
Missing character: There is no È in font cmbx12!
Missing character: There is no ™ in font cmbx12!
Missing character: There is no å in font cmbx12!
Missing character: There is no Ê in font cmbx12!
Missing character: There is no ≠ in font cmbx12!
Missing character: There is no • in font cmbx12!
Missing character: There is no È in font cmbx12!
Missing character: There is no ™ in font cmbx12!
Missing character: There is no § in font cmbx12!
Missing character: There is no ‰ in font cmr12!
Missing character: There is no ∏ in font cmr12!
Missing character: There is no ª in font cmr12!
Missing character: There is no Â in font cmr12!
Missing character: There is no á in font cmr12!
Missing character: There is no Ω in font cmr12!
Missing character: There is no Ê in font cmr12!
Missing character: There is no ï in font cmr12!
Missing character: There is no ∞ in font cmr12!
Missing character: There is no Â in font cmr12!
Missing character: There is no ¶ in font cmr12!
Missing character: There is no Ç in font cmr12!
Missing character: There is no ‰ in font cmr12!
Missing character: There is no ∏ in font cmr12!
Missing character: There is no ã in font cmr12!
Missing character: There is no Ô in font cmr12!
Missing character: There is no º in font cmr12!
Missing character: There is no ö in font cmr12!
 (/usr/local/texlive/2013/texmf-dist/tex/latex/listings/lstlang1.sty
File: lstlang1.sty 2004/09/05 1.3 listings language file
) (/usr/local/texlive/2013/texmf-dist/tex/latex/listings/lstlang1.sty
File: lstlang1.sty 2004/09/05 1.3 listings language file
) (/usr/local/texlive/2013/texmf-dist/tex/latex/listings/lstmisc.sty
File: lstmisc.sty 2007/02/22 1.4 (Carsten Heinz)
)
LaTeX Font Info:    Try loading font information for OMS+cmr on input line 62.
 (/usr/local/texlive/2013/texmf-dist/tex/latex/base/omscmr.fd
File: omscmr.fd 1999/05/25 v2.5h Standard LaTeX font definitions
)
LaTeX Font Info:    Font shape `OMS/cmr/m/n' in size <12> not available
(Font)              Font shape `OMS/cmsy/m/n' tried instead on input line 62.
 [2 <./environment.png>]
Missing character: There is no Ê in font cmr12!
Missing character: There is no ò in font cmr12!
Missing character: There is no æ in font cmr12!
Missing character: There is no Á in font cmr12!
Missing character: There is no § in font cmr12!
Missing character: There is no ∫ in font cmr12!
Missing character: There is no Â in font cmr12!
Missing character: There is no á in font cmr12!
Missing character: There is no Ω in font cmr12!
Missing character: There is no Ê in font cmr12!
Missing character: There is no ï in font cmr12!
Missing character: There is no ∞ in font cmr12!
Missing character: There is no Â in font cmr12!
Missing character: There is no ¶ in font cmr12!
Missing character: There is no Ç in font cmr12!
Missing character: There is no ‰ in font cmr12!
Missing character: There is no ∏ in font cmr12!
Missing character: There is no ã in font cmr12!
LaTeX Font Info:    External font `cmex10' loaded for size
(Font)              <12> on input line 97.
LaTeX Font Info:    External font `cmex10' loaded for size
(Font)              <8> on input line 97.
LaTeX Font Info:    External font `cmex10' loaded for size
(Font)              <6> on input line 97.
Missing character: There is no Â in font cmr12!
Missing character: There is no Ö in font cmr12!
Missing character: There is no ∂ in font cmr12!
Missing character: There is no ‰ in font cmr12!
Missing character: There is no ∏ in font cmr12!
Missing character: There is no ≠ in font cmr12!
Missing character: There is no È in font cmr12!
Missing character: There is no á in font cmr12!
Missing character: There is no á in font cmr12!
Missing character: There is no Á in font cmr12!
Missing character: There is no î in font cmr12!
Missing character: There is no ® in font cmr12!
Missing character: There is no Á in font cmr12!
Missing character: There is no ö in font cmr12!
Missing character: There is no Ñ in font cmr12!
Missing character: There is no Â in font cmr12!
Missing character: There is no è in font cmr12!
Missing character: There is no Ç in font cmr12!
Missing character: There is no Ê in font cmr12!
Missing character: There is no ï in font cmr12!
Missing character: There is no ∞ in font cmr12!
Missing character: There is no ‰ in font cmr12!
Missing character: There is no ∏ in font cmr12!
Missing character: There is no ∫ in font cmr12!
Missing character: There is no Ê in font cmr12!
Missing character: There is no à in font cmr12!
Missing character: There is no ë in font cmr12!
Missing character: There is no ‰ in font cmr12!
Missing character: There is no ª in font cmr12!
Missing character: There is no ¨ in font cmr12!
Missing character: There is no Ë in font cmr12!
Missing character: There is no Æ in font cmr12!
Missing character: There is no ° in font cmr12!
Missing character: There is no Á in font cmr12!
Missing character: There is no Æ in font cmr12!
Missing character: There is no ó in font cmr12!
Missing character: There is no Â in font cmr12!
Missing character: There is no á in font cmr12!
Missing character: There is no ∫ in font cmr12!
Missing character: There is no Á in font cmr12!
Missing character: There is no ö in font cmr12!
Missing character: There is no Ñ in font cmr12!
Missing character: There is no ‰ in font cmr12!
Missing character: There is no ∏ in font cmr12!
Missing character: There is no â in font cmr12!
Missing character: There is no Ë in font cmr12!
Missing character: There is no ß in font cmr12!
Missing character: There is no í in font cmr12!
Missing character: There is no Â in font cmr12!
Missing character: There is no Ω in font cmr12!
Missing character: There is no ¢ in font cmr12!
Missing character: There is no Â in font cmr12!
Missing character: There is no ù in font cmr12!
Missing character: There is no ê in font cmr12!
Missing character: There is no Ê in font cmr12!
Missing character: There is no † in font cmr12!
Missing character: There is no á in font cmr12!
Missing character: There is no Á in font cmr12!
Missing character: There is no ö in font cmr12!
Missing character: There is no Ñ in font cmr12!
Missing character: There is no Â in font cmr12!
Missing character: There is no è in font cmr12!
Missing character: There is no ñ in font cmr12!
Missing character: There is no Â in font cmr12!
Missing character: There is no Ä in font cmr12!
Missing character: There is no º in font cmr12!
Missing character: There is no Ô in font cmr12!
Missing character: There is no º in font cmr12!
Missing character: There is no å in font cmr12!
Missing character: There is no Ê in font cmr12!
Missing character: There is no à in font cmr12!
Missing character: There is no ë in font cmr12!
Missing character: There is no ‰ in font cmr12!
Missing character: There is no ª in font cmr12!
Missing character: There is no ¨ in font cmr12!
Missing character: There is no Â in font cmr12!
Missing character: There is no Ö in font cmr12!
Missing character: There is no à in font cmr12!
Missing character: There is no Ë in font cmr12!
Missing character: There is no Ω in font cmr12!
Missing character: There is no Ω in font cmr12!
Missing character: There is no Â in font cmr12!
Missing character: There is no Ö in font cmr12!
Missing character: There is no • in font cmr12!
Missing character: There is no Ê in font cmr12!
Missing character: There is no Å in font cmr12!
Missing character: There is no í in font cmr12!
Missing character: There is no Á in font cmr12!
Missing character: There is no ≠ in font cmr12!
Missing character: There is no â in font cmr12!
Missing character: There is no Á in font cmr12!
Missing character: There is no ü in font cmr12!
Missing character: There is no © in font cmr12!
Missing character: There is no È in font cmr12!
Missing character: There is no ò in font cmr12!
Missing character: There is no µ in font cmr12!
Missing character: There is no Ô in font cmr12!
Missing character: There is no º in font cmr12!
Missing character: There is no å in font cmr12!
Missing character: There is no Â in font cmr12!
Missing character: There is no Ü in font cmr12!
Missing character: There is no ç in font cmr12!
Missing character: There is no Â in font cmr12!
Missing character: There is no Å in font cmr12!
Missing character: There is no ö in font cmr12!
Missing character: There is no Ê in font cmr12!
Missing character: There is no ó in font cmr12!
Missing character: There is no ã in font cmr12!
Missing character: There is no Ë in font cmr12!
Missing character: There is no Ω in font cmr12!
Missing character: There is no ¨ in font cmr12!
Missing character: There is no Â in font cmr12!
Missing character: There is no í in font cmr12!
Missing character: There is no å in font cmr12!
Missing character: There is no Â in font cmr12!
Missing character: There is no π in font cmr12!
Missing character: There is no ≥ in font cmr12!
Missing character: There is no Á in font cmr12!
Missing character: There is no ß in font cmr12!
Missing character: There is no ª in font cmr12!
Missing character: There is no Ô in font cmr12!
Missing character: There is no º in font cmr12!
Missing character: There is no å in font cmr12!
Missing character: There is no Ê in font cmr12!
Missing character: There is no ú in font cmr12!
Missing character: There is no Ä in font cmr12!
Missing character: There is no Á in font cmr12!
Missing character: There is no ª in font cmr12!
Missing character: There is no à in font cmr12!
Missing character: There is no Â in font cmr12!
Missing character: There is no è in font cmr12!
Missing character: There is no Ø in font cmr12!
Missing character: There is no ‰ in font cmr12!
Missing character: There is no ª in font cmr12!
Missing character: There is no • in font cmr12!
Missing character: There is no ‰ in font cmr12!
Missing character: There is no ø in font cmr12!
Missing character: There is no ù in font cmr12!
Missing character: There is no Ë in font cmr12!
Missing character: There is no Ø in font cmr12!
Missing character: There is no Å in font cmr12!
Missing character: There is no ‰ in font cmr12!
Missing character: There is no ∏ in font cmr12!
Missing character: There is no â in font cmr12!
Missing character: There is no Ë in font cmr12!
Missing character: There is no ß in font cmr12!
Missing character: There is no í in font cmr12!
Missing character: There is no Â in font cmr12!
Missing character: There is no Ω in font cmr12!
Missing character: There is no ¢ in font cmr12!
Missing character: There is no Â in font cmr12!
Missing character: There is no ú in font cmr12!
Missing character: There is no ® in font cmr12!
Missing character: There is no Ë in font cmr12!
Missing character: There is no á in font cmr12!
Missing character: There is no ™ in font cmr12!
Missing character: There is no Â in font cmr12!
Missing character: There is no ∑ in font cmr12!
Missing character: There is no ± in font cmr12!
Missing character: There is no Á in font cmr12!
Missing character: There is no ö in font cmr12!
Missing character: There is no Ñ in font cmr12!
Missing character: There is no Â in font cmr12!
Missing character: There is no Ü in font cmr12!
Missing character: There is no Ö in font cmr12!
Missing character: There is no Á in font cmr12!
Missing character: There is no ¶ in font cmr12!
Missing character: There is no Ä in font cmr12!
Missing character: There is no Â in font cmr12!
Missing character: There is no ù in font cmr12!
Missing character: There is no ê in font cmr12!
Missing character: There is no Ê in font cmr12!
Missing character: There is no † in font cmr12!
Missing character: There is no á in font cmr12!
Missing character: There is no Á in font cmr12!
Missing character: There is no ≥ in font cmr12!
Missing character: There is no ª in font cmr12!
Missing character: There is no ‰ in font cmr12!
Missing character: There is no ∏ in font cmr12!
Missing character: There is no ≠ in font cmr12!
Missing character: There is no Â in font cmr12!
Missing character: There is no õ in font cmr12!
Missing character: There is no ¥ in font cmr12!
Missing character: There is no Á in font cmr12!
Missing character: There is no ª in font cmr12!
Missing character: There is no ï in font cmr12!
Missing character: There is no Ê in font cmr12!
Missing character: There is no ó in font cmr12!
Missing character: There is no ã in font cmr12!
Missing character: There is no Ë in font cmr12!
Missing character: There is no Ω in font cmr12!
Missing character: There is no ¨ in font cmr12!
Missing character: There is no Ô in font cmr12!
Missing character: There is no º in font cmr12!
Missing character: There is no å in font cmr12!
Missing character: There is no Á in font cmr12!
Missing character: There is no ù in font cmr12!
Missing character: There is no Ä in font cmr12!
Missing character: There is no Ë in font cmr12!
Missing character: There is no â in font cmr12!
Missing character: There is no ≤ in font cmr12!
Missing character: There is no Ê in font cmr12!
Missing character: There is no ® in font cmr12!
Missing character: There is no ° in font cmr12!
Missing character: There is no Â in font cmr12!
Missing character: There is no º in font cmr12!
Missing character: There is no è in font cmr12!
Missing character: There is no Ê in font cmr12!
Missing character: There is no à in font cmr12!
Missing character: There is no ë in font cmr12!
Missing character: There is no ‰ in font cmr12!
Missing character: There is no ª in font cmr12!
Missing character: There is no ¨ in font cmr12!
Missing character: There is no È in font cmr12!
Missing character: There is no Ä in font cmr12!
Missing character: There is no â in font cmr12!
Missing character: There is no Ê in font cmr12!
Missing character: There is no ã in font cmr12!
Missing character: There is no © in font cmr12!
Missing character: There is no ‰ in font cmr12!
Missing character: There is no ∫ in font cmr12!
Missing character: There is no Ü in font cmr12!
Missing character: There is no „ in font cmr12!
Missing character: There is no Ä in font cmr12!
Missing character: There is no Ç in font cmr12!
Missing character: There is no Â in font cmr12!
Missing character: There is no õ in font cmr12!
Missing character: There is no õ in font cmr12!
Missing character: There is no Ë in font cmr12!
Missing character: There is no æ in font cmr12!
Missing character: There is no π in font cmr12!
Missing character: There is no Â in font cmr12!
Missing character: There is no Ω in font cmr12!
Missing character: There is no ¢ in font cmr12!
Missing character: There is no Á in font cmr12!
Missing character: There is no ö in font cmr12!
Missing character: There is no Ñ in font cmr12!
Missing character: There is no Ê in font cmr12!
Missing character: There is no ò in font cmr12!
Missing character: There is no æ in font cmr12!
Missing character: There is no Á in font cmr12!
Missing character: There is no § in font cmr12!
Missing character: There is no ∫ in font cmr12!
Missing character: There is no Â in font cmr12!
Missing character: There is no á in font cmr12!
Missing character: There is no Ω in font cmr12!
Missing character: There is no Ê in font cmr12!
Missing character: There is no ï in font cmr12!
Missing character: There is no ∞ in font cmr12!
Missing character: There is no Â in font cmr12!
Missing character: There is no ¶ in font cmr12!
Missing character: There is no Ç in font cmr12!
Missing character: There is no ‰ in font cmr12!
Missing character: There is no ∏ in font cmr12!
Missing character: There is no ã in font cmr12!
Missing character: There is no Ô in font cmr12!
Missing character: There is no º in font cmr12!
Missing character: There is no ö in font cmr12!
Missing character: There is no ≈ in font cmsl12!
Missing character: There is no é in font cmsl12!
Missing character: There is no – in font cmsl12!
Missing character: There is no … in font cmsl12!
Missing character: There is no ä in font cmsl12!
Missing character: There is no å in font cmsl12!
Missing character: There is no ∆ in font cmsl12!
Missing character: There is no ç in font cmsl12!
Missing character: There is no Ö in font cmsl12!
Missing character: There is no … in font cmsl12!
Missing character: There is no ä in font cmsl12!
Missing character: There is no Ñ in font cmsl12!
 [3]
Missing character: There is no Ê in font cmr12!
Missing character: There is no à in font cmr12!
Missing character: There is no ë in font cmr12!
Missing character: There is no ‰ in font cmr12!
Missing character: There is no ª in font cmr12!
Missing character: There is no ¨ in font cmr12!
Missing character: There is no Á in font cmr12!
Missing character: There is no î in font cmr12!
Missing character: There is no ® in font cmr12!
Missing character: There is no ‰ in font cmr12!
Missing character: There is no ∏ in font cmr12!
Missing character: There is no Ä in font cmr12!
Missing character: There is no ‰ in font cmr12!
Missing character: There is no ∏ in font cmr12!
Missing character: There is no ™ in font cmr12!
Missing character: There is no È in font cmr12!
Missing character: There is no î in font cmr12!
Missing character: There is no Æ in font cmr12!
Missing character: There is no Á in font cmr12!
Missing character: There is no õ in font cmr12!
Missing character: There is no ò in font cmr12!
Missing character: There is no ‰ in font cmr12!
Missing character: There is no ∫ in font cmr12!
Missing character: There is no ã in font cmr12!
Missing character: There is no ‰ in font cmr12!
Missing character: There is no ª in font cmr12!
Missing character: There is no ∂ in font cmr12!
Missing character: There is no Ê in font cmr12!
Missing character: There is no ù in font cmr12!
Missing character: There is no • in font cmr12!
Missing character: There is no Â in font cmr12!
Missing character: There is no à in font cmr12!
Missing character: There is no á in font cmr12!
Missing character: There is no Ê in font cmr12!
Missing character: There is no ç in font cmr12!
Missing character: There is no ¢ in font cmr12!
Missing character: There is no ‰ in font cmr12!
Missing character: There is no ∏ in font cmr12!
Missing character: There is no § in font cmr12!
Missing character: There is no Á in font cmr12!
Missing character: There is no ß in font cmr12!
Missing character: There is no ç in font cmr12!
Missing character: There is no Á in font cmr12!
Missing character: There is no ù in font cmr12!
Missing character: There is no Ä in font cmr12!
Missing character: There is no Ë in font cmr12!
Missing character: There is no â in font cmr12!
Missing character: There is no ≤ in font cmr12!
Missing character: There is no Ê in font cmr12!
Missing character: There is no ® in font cmr12!
Missing character: There is no ° in font cmr12!
Missing character: There is no Â in font cmr12!
Missing character: There is no º in font cmr12!
Missing character: There is no è in font cmr12!
Missing character: There is no Ô in font cmr12!
Missing character: There is no º in font cmr12!
Missing character: There is no å in font cmr12!
Missing character: There is no Ê in font cmr12!
Missing character: There is no å in font cmr12!
Missing character: There is no â in font cmr12!
Missing character: There is no ‰ in font cmr12!
Missing character: There is no ∏ in font cmr12!
Missing character: There is no ã in font cmr12!
Missing character: There is no È in font cmr12!
Missing character: There is no î in font cmr12!
Missing character: There is no Æ in font cmr12!
Missing character: There is no Á in font cmr12!
Missing character: There is no õ in font cmr12!
Missing character: There is no ò in font cmr12!
Missing character: There is no Â in font cmr12!
Missing character: There is no ç in font cmr12!
Missing character: There is no ≥ in font cmr12!
Missing character: There is no Â in font cmr12!
Missing character: There is no è in font cmr12!
Missing character: There is no Ø in font cmr12!
Missing character: There is no Â in font cmr12!
Missing character: There is no à in font cmr12!
Missing character: There is no á in font cmr12!
Missing character: There is no Ê in font cmr12!
Missing character: There is no ç in font cmr12!
Missing character: There is no ¢ in font cmr12!
Missing character: There is no Á in font cmr12!
Missing character: There is no ù in font cmr12!
Missing character: There is no Ä in font cmr12!
Missing character: There is no Ë in font cmr12!
Missing character: There is no â in font cmr12!
Missing character: There is no ≤ in font cmr12!
Missing character: There is no Ê in font cmr12!
Missing character: There is no ® in font cmr12!
Missing character: There is no ° in font cmr12!
Missing character: There is no Â in font cmr12!
Missing character: There is no º in font cmr12!
Missing character: There is no è in font cmr12!
Missing character: There is no „ in font cmr12!
Missing character: There is no Ä in font cmr12!
Missing character: There is no Ç in font cmr12!
Missing character: There is no Â in font cmr12!
Missing character: There is no Ö in font cmr12!
Missing character: There is no ∂ in font cmr12!
Missing character: There is no ‰ in font cmr12!
Missing character: There is no ∏ in font cmr12!
Missing character: There is no ≠ in font cmr12!
Missing character: There is no Â in font cmr12!
Missing character: There is no Æ in font cmr12!
Missing character: There is no û in font cmr12!
Missing character: There is no Á in font cmr12!
Missing character: There is no é in font cmr12!
Missing character: There is no ∞ in font cmr12!
Missing character: There is no Á in font cmr12!
Missing character: There is no ö in font cmr12!
Missing character: There is no Ñ in font cmr12!
Missing character: There is no Â in font cmr12!
Missing character: There is no Ö in font cmr12!
Missing character: There is no ∑ in font cmr12!
Missing character: There is no ‰ in font cmr12!
Missing character: There is no Ω in font cmr12!
Missing character: There is no ì in font cmr12!
Missing character: There is no Á in font cmr12!
Missing character: There is no ª in font cmr12!
Missing character: There is no Ü in font cmr12!
Missing character: There is no Ë in font cmr12!
Missing character: There is no ä in font cmr12!
Missing character: There is no Ç in font cmr12!
Missing character: There is no Â in font cmr12!
Missing character: There is no í in font cmr12!
Missing character: There is no å in font cmr12!
Missing character: There is no ‰ in font cmr12!
Missing character: There is no ∏ in font cmr12!
Missing character: There is no â in font cmr12!
Missing character: There is no Ë in font cmr12!
Missing character: There is no ß in font cmr12!
Missing character: There is no í in font cmr12!
Missing character: There is no Â in font cmr12!
Missing character: There is no Ω in font cmr12!
Missing character: There is no ¢ in font cmr12!
Missing character: There is no Â in font cmr12!
Missing character: There is no § in font cmr12!
Missing character: There is no ß in font cmr12!
Missing character: There is no Ë in font cmr12!
Missing character: There is no á in font cmr12!
Missing character: There is no ¥ in font cmr12!
Missing character: There is no Á in font cmr12!
Missing character: There is no õ in font cmr12!
Missing character: There is no ∏ in font cmr12!
Missing character: There is no Â in font cmr12!
Missing character: There is no ê in font cmr12!
Missing character: There is no å in font cmr12!
Missing character: There is no Ô in font cmr12!
Missing character: There is no º in font cmr12!
Missing character: There is no å in font cmr12!
Missing character: There is no Â in font cmr12!
Missing character: There is no è in font cmr12!
Missing character: There is no ™ in font cmr12!
Missing character: There is no Ê in font cmr12!
Missing character: There is no ò in font cmr12!
Missing character: There is no Ø in font cmr12!
Missing character: There is no Á in font cmr12!
Missing character: There is no ù in font cmr12!
Missing character: There is no Ä in font cmr12!
Missing character: There is no Ë in font cmr12!
Missing character: There is no â in font cmr12!
Missing character: There is no ≤ in font cmr12!
Missing character: There is no Ê in font cmr12!
Missing character: There is no ® in font cmr12!
Missing character: There is no ° in font cmr12!
Missing character: There is no Â in font cmr12!
Missing character: There is no º in font cmr12!
Missing character: There is no è in font cmr12!
Missing character: There is no ‰ in font cmr12!
Missing character: There is no ∏ in font cmr12!
Missing character: There is no ä in font cmr12!
Missing character: There is no ‰ in font cmr12!
Missing character: There is no ∏ in font cmr12!
Missing character: There is no ç in font cmr12!
Missing character: There is no Â in font cmr12!
Missing character: There is no ê in font cmr12!
Missing character: There is no å in font cmr12!
Missing character: There is no „ in font cmr12!
Missing character: There is no Ä in font cmr12!
Missing character: There is no Ç in font cmr12!
Missing character: There is no ‰ in font cmr12!
Missing character: There is no π in font cmr12!
Missing character: There is no ü in font cmr12!
Missing character: There is no Ê in font cmr12!
Missing character: There is no ò in font cmr12!
Missing character: There is no Ø in font cmr12!
Missing character: There is no Â in font cmr12!
Missing character: There is no Ö in font cmr12!
Missing character: There is no à in font cmr12!
Missing character: There is no Ë in font cmr12!
Missing character: There is no Ω in font cmr12!
Missing character: There is no Ω in font cmr12!
Missing character: There is no Â in font cmr12!
Missing character: There is no Ö in font cmr12!
Missing character: There is no • in font cmr12!
Missing character: There is no Ê in font cmr12!
Missing character: There is no Å in font cmr12!
Missing character: There is no í in font cmr12!
Missing character: There is no Á in font cmr12!
Missing character: There is no ≠ in font cmr12!
Missing character: There is no â in font cmr12!
Missing character: There is no Á in font cmr12!
Missing character: There is no ü in font cmr12!
Missing character: There is no © in font cmr12!
Missing character: There is no È in font cmr12!
Missing character: There is no ò in font cmr12!
Missing character: There is no µ in font cmr12!
Missing character: There is no Ô in font cmr12!
Missing character: There is no º in font cmr12!
Missing character: There is no å in font cmr12!
Missing character: There is no Â in font cmr12!
Missing character: There is no Ü in font cmr12!
Missing character: There is no ç in font cmr12!
Missing character: There is no Ë in font cmr12!
Missing character: There is no ø in font cmr12!
Missing character: There is no õ in font cmr12!
Missing character: There is no Ë in font cmr12!
Missing character: There is no ° in font cmr12!
Missing character: There is no å in font cmr12!
Missing character: There is no Â in font cmr12!
Missing character: There is no π in font cmr12!
Missing character: There is no ≥ in font cmr12!
Missing character: There is no Á in font cmr12!
Missing character: There is no ß in font cmr12!
Missing character: There is no ª in font cmr12!
Missing character: There is no Â in font cmr12!
Missing character: There is no í in font cmr12!
Missing character: There is no å in font cmr12!
Missing character: There is no Ê in font cmr12!
Missing character: There is no ó in font cmr12!
Missing character: There is no ã in font cmr12!
Missing character: There is no Ë in font cmr12!
Missing character: There is no Ω in font cmr12!
Missing character: There is no ¨ in font cmr12!
Missing character: There is no Ô in font cmr12!
Missing character: There is no º in font cmr12!
Missing character: There is no å in font cmr12!
Missing character: There is no Ê in font cmr12!
Missing character: There is no ú in font cmr12!
Missing character: There is no Ä in font cmr12!
Missing character: There is no Â in font cmr12!
Missing character: There is no ê in font cmr12!
Missing character: There is no é in font cmr12!
Missing character: There is no Á in font cmr12!
Missing character: There is no ª in font cmr12!
Missing character: There is no ò in font cmr12!
Missing character: There is no Â in font cmr12!
Missing character: There is no õ in font cmr12!
Missing character: There is no æ in font cmr12!
Missing character: There is no „ in font cmr12!
Missing character: There is no Ä in font cmr12!
Missing character: There is no Ç in font cmr12!
Missing character: There is no Ê in font cmbx12!
Missing character: There is no ï in font cmbx12!
Missing character: There is no à in font cmbx12!
Missing character: There is no Ê in font cmbx12!
Missing character: There is no û in font cmbx12!
Missing character: There is no ú in font cmbx12!
Missing character: There is no Â in font cmbx12!
Missing character: There is no ± in font cmbx12!
Missing character: There is no ï in font cmbx12!
Missing character: There is no Á in font cmbx12!
Missing character: There is no § in font cmbx12!
Missing character: There is no ∫ in font cmbx12!
Missing character: There is no ‰ in font cmr12!
Missing character: There is no ∏ in font cmr12!
Missing character: There is no â in font cmr12!
Missing character: There is no Ë in font cmr12!
Missing character: There is no ß in font cmr12!
Missing character: There is no í in font cmr12!
Missing character: There is no Â in font cmr12!
Missing character: There is no Ω in font cmr12!
Missing character: There is no ¢ in font cmr12!
Missing character: There is no Ê in font cmr12!
Missing character: There is no ï in font cmr12!
Missing character: There is no à in font cmr12!
Missing character: There is no Ê in font cmr12!
Missing character: There is no û in font cmr12!
Missing character: There is no ú in font cmr12!
Missing character: There is no Â in font cmr12!
Missing character: There is no õ in font cmr12!
Missing character: There is no æ in font cmr12!
Missing character: There is no Ô in font cmr12!
Missing character: There is no º in font cmr12!
Missing character: There is no ö in font cmr12!
 <1.png, id=22, 515.9275pt x 538.01pt>
File: 1.png Graphic file (type png)
 <use 1.png>
Package pdftex.def Info: 1.png used on input line 178.
(pdftex.def)             Requested size: 180.67499pt x 188.40483pt.
Missing character: There is no ∆ in font cmsl12!
Missing character: There is no ï in font cmsl12!
Missing character: There is no à in font cmsl12!
Missing character: There is no ∆ in font cmsl12!
Missing character: There is no – in font cmsl12!
Missing character: There is no ú in font cmsl12!
Missing character: There is no ≈ in font cmsl12!
Missing character: There is no ë in font cmsl12!
Missing character: There is no ï in font cmsl12!
Missing character: There is no « in font cmsl12!
Missing character: There is no Ñ in font cmsl12!
Missing character: There is no ö in font cmsl12!
 [4]
Missing character: There is no Â in font cmr12!
Missing character: There is no õ in font cmr12!
Missing character: There is no õ in font cmr12!
Missing character: There is no Ë in font cmr12!
Missing character: There is no æ in font cmr12!
Missing character: There is no π in font cmr12!
Missing character: There is no Â in font cmr12!
Missing character: There is no Ω in font cmr12!
Missing character: There is no ¢ in font cmr12!
Missing character: There is no Ê in font cmr12!
Missing character: There is no ï in font cmr12!
Missing character: There is no à in font cmr12!
Missing character: There is no Ê in font cmr12!
Missing character: There is no û in font cmr12!
Missing character: There is no ú in font cmr12!
Missing character: There is no Â in font cmr12!
Missing character: There is no õ in font cmr12!
Missing character: There is no æ in font cmr12!
Missing character: There is no Ô in font cmr12!
Missing character: There is no º in font cmr12!
Missing character: There is no ö in font cmr12!
 <2.png, id=26, 515.9275pt x 538.01pt>
File: 2.png Graphic file (type png)
 <use 2.png>
Package pdftex.def Info: 2.png used on input line 182.
(pdftex.def)             Requested size: 180.67499pt x 188.40483pt.
Missing character: There is no Â in font cmr12!
Missing character: There is no õ in font cmr12!
Missing character: There is no õ in font cmr12!
Missing character: There is no Ë in font cmr12!
Missing character: There is no æ in font cmr12!
Missing character: There is no π in font cmr12!
Missing character: There is no Â in font cmr12!
Missing character: There is no Ω in font cmr12!
Missing character: There is no ¢ in font cmr12!
Missing character: There is no Á in font cmr12!
Missing character: There is no ù in font cmr12!
Missing character: There is no Ä in font cmr12!
Missing character: There is no Ë in font cmr12!
Missing character: There is no â in font cmr12!
Missing character: There is no ≤ in font cmr12!
Missing character: There is no Ê in font cmr12!
Missing character: There is no ® in font cmr12!
Missing character: There is no ° in font cmr12!
Missing character: There is no Â in font cmr12!
Missing character: There is no º in font cmr12!
Missing character: There is no è in font cmr12!
Missing character: There is no Ê in font cmr12!
Missing character: There is no ï in font cmr12!
Missing character: There is no à in font cmr12!
Missing character: There is no Ê in font cmr12!
Missing character: There is no û in font cmr12!
Missing character: There is no ú in font cmr12!
Missing character: There is no Â in font cmr12!
Missing character: There is no õ in font cmr12!
Missing character: There is no æ in font cmr12!
Missing character: There is no Ô in font cmr12!
Missing character: There is no º in font cmr12!
Missing character: There is no ö in font cmr12!
 <3.png, id=27, 515.9275pt x 538.01pt>
File: 3.png Graphic file (type png)
 <use 3.png>
Package pdftex.def Info: 3.png used on input line 186.
(pdftex.def)             Requested size: 180.67499pt x 188.40483pt.
Missing character: There is no Â in font cmbx12!
Missing character: There is no è in font cmbx12!
Missing character: There is no Ç in font cmbx12!
Missing character: There is no Ë in font cmbx12!
Missing character: There is no Ä in font cmbx12!
Missing character: There is no É in font cmbx12!
Missing character: There is no Ê in font cmbx12!
Missing character: There is no ñ in font cmbx12!
Missing character: There is no á in font cmbx12!
Missing character: There is no Á in font cmbx12!
Missing character: There is no å in font cmbx12!
Missing character: There is no Æ in font cmbx12!
Missing character: There is no Ê in font cmr12!
Missing character: There is no ù in font cmr12!
Missing character: There is no • in font cmr12!
Missing character: There is no Ë in font cmr12!
Missing character: There is no á in font cmr12!
Missing character: There is no ™ in font cmr12!
Missing character: There is no Á in font cmr12!
Missing character: There is no ô in font cmr12!
Missing character: There is no æ in font cmr12!
Missing character: There is no Â in font cmr12!
Missing character: There is no ∫ in font cmr12!
Missing character: There is no ¶ in font cmr12!
Missing character: There is no Ê in font cmr12!
Missing character: There is no ñ in font cmr12!
Missing character: There is no á in font cmr12!
Missing character: There is no Â in font cmr12!
Missing character: There is no ∫ in font cmr12!
Missing character: There is no ì in font cmr12!
Missing character: There is no Â in font cmr12!
Missing character: There is no Ö in font cmr12!
Missing character: There is no • in font cmr12!
Missing character: There is no È in font cmr12!
Missing character: There is no ó in font cmr12!
Missing character: There is no ® in font cmr12!
Missing character: There is no Ê in font cmr12!
Missing character: There is no ï in font cmr12!
Missing character: There is no ô in font cmr12!
Missing character: There is no Á in font cmr12!
Missing character: There is no ® in font cmr12!
Missing character: There is no ã in font cmr12!
Missing character: There is no Á in font cmr12!
Missing character: There is no ≤ in font cmr12!
Missing character: There is no æ in font cmr12!
Missing character: There is no ‰ in font cmbx12!
Missing character: There is no ∏ in font cmbx12!
Missing character: There is no ™ in font cmbx12!
Missing character: There is no ‰ in font cmbx12!
Missing character: There is no ∫ in font cmbx12!
Missing character: There is no ∫ in font cmbx12!
Missing character: There is no ‰ in font cmbx12!
Missing character: There is no ø in font cmbx12!
Missing character: There is no ° in font cmbx12!
Missing character: There is no Ê in font cmbx12!
Missing character: There is no Å in font cmbx12!
Missing character: There is no Ø in font cmbx12!
Missing character: There is no Â in font cmr12!
Missing character: There is no § in font cmr12!
Missing character: There is no è in font cmr12!
Missing character: There is no Ê in font cmr12!
Missing character: There is no ñ in font cmr12!
Missing character: There is no ê in font cmr12!
Missing character: There is no Ê in font cmr12!
Missing character: There is no ∏ in font cmr12!
Missing character: There is no Ö in font cmr12!
Missing character: There is no Â in font cmr12!
Missing character: There is no ç in font cmr12!
Missing character: There is no é in font cmr12!
Missing character: There is no Â in font cmr12!
Missing character: There is no § in font cmr12!
Missing character: There is no ß in font cmr12!
Missing character: There is no Â in font cmr12!
Missing character: There is no ≠ in font cmr12!
Missing character: There is no ¶ in font cmr12!
Missing character: There is no Ë in font cmr12!
Missing character: There is no á in font cmr12!
Missing character: There is no ™ in font cmr12!
Missing character: There is no Â in font cmr12!
Missing character: There is no ä in font cmr12!
Missing character: There is no ® in font cmr12!
Missing character: There is no Â in font cmr12!
Missing character: There is no å in font cmr12!
Missing character: There is no ñ in font cmr12!
Missing character: There is no Á in font cmr12!
Missing character: There is no ≥ in font cmr12!
Missing character: There is no ª in font cmr12!
Missing character: There is no Á in font cmr12!
Missing character: There is no ∫ in font cmr12!
Missing character: There is no ß in font cmr12!
Missing character: There is no Ê in font cmr12!
Missing character: There is no â in font cmr12!
Missing character: There is no ã in font cmr12!
Missing character: There is no Ê in font cmr12!
Missing character: There is no ú in font cmr12!
Missing character: There is no ∫ in font cmr12!
Missing character: There is no È in font cmr12!
Missing character: There is no Ç in font cmr12!
Missing character: There is no Æ in font cmr12!
Missing character: There is no Á in font cmr12!
Missing character: There is no Æ in font cmr12!
Missing character: There is no ± in font cmr12!

Underfull \hbox (badness 10000) in paragraph at lines 191--196

 []

Missing character: There is no ≈ in font cmsl12!
Missing character: There is no è in font cmsl12!
Missing character: There is no Ç in font cmsl12!
Missing character: There is no » in font cmsl12!
Missing character: There is no Ä in font cmsl12!
Missing character: There is no É in font cmsl12!
Missing character: There is no ∆ in font cmsl12!
Missing character: There is no ñ in font cmsl12!
Missing character: There is no á in font cmsl12!
Missing character: There is no « in font cmsl12!
Missing character: There is no å in font cmsl12!
Missing character: There is no é in font cmsl12!
[5 <./1.png> <./2.png> <./3.png>]
Missing character: There is no ƒ in font cmsl12!
Missing character: There is no ò in font cmsl12!
Missing character: There is no ä in font cmsl12!
Missing character: There is no ƒ in font cmsl12!
Missing character: There is no ö in font cmsl12!
Missing character: There is no ö in font cmsl12!
Missing character: There is no ƒ in font cmsl12!
Missing character: There is no ø in font cmsl12!
Missing character: There is no Å in font cmsl12!
Missing character: There is no ∆ in font cmsl12!
Missing character: There is no Å in font cmsl12!
Missing character: There is no è in font cmsl12!
 [6] (/Volumes/Macintosh HD/dev/OpenGL/‰Ωú‰∏öÊä•Âëä/C1/.texpadtmp/openGL‰Ωú‰∏öÊä•Âëä_C1.aux)

LaTeX Warning: There were multiply-defined labels.

 ) 
Here is how much of TeX's memory you used:
 8604 strings out of 493315
 146215 string characters out of 6137904
 228209 words of memory out of 5000000
 11938 multiletter control sequences out of 15000+600000
 9022 words of font info for 32 fonts, out of 8000000 for 9000
 957 hyphenation exceptions out of 8191
 38i,12n,60p,291b,1604s stack positions out of 5000i,500n,10000p,200000b,80000s
</usr/local/texlive/2013/texmf-dist/fonts/type1/public/amsfonts/cm/cmbx12.pfb></usr/local/texlive/2013/texmf-dist/fonts/type1/public/amsfonts/cm/cmmi12.pfb></usr/local/texlive/2013/texmf-dist/fonts/type1/public/amsfonts/cm/cmr12.pfb></usr/local/texlive/2013/texmf-dist/fonts/type1/public/amsfonts/cm/cmr17.pfb></usr/local/texlive/2013/texmf-dist/fonts/type1/public/amsfonts/cm/cmsl12.pfb></usr/local/texlive/2013/texmf-dist/fonts/type1/public/amsfonts/cm/cmsy10.pfb></usr/local/texlive/2013/texmf-dist/fonts/type1/public/amsfonts/cm/cmtt12.pfb>
Output written on "/Volumes/Macintosh HD/dev/OpenGL/‰Ωú‰∏öÊä•Âëä/C1/.texpadtmp/openGL‰Ωú‰∏öÊä•Âëä_C1.pdf" (6 pages, 172885 bytes).
PDF statistics:
 60 PDF objects out of 1000 (max. 8388607)
 36 compressed objects within 1 object stream
 0 named destinations out of 1000 (max. 500000)
 21 words of extra memory for PDF output out of 10000 (max. 10000000)

